2026-02-17 20:35:43 [main] INFO  storage.StorageService - Uploading slika.jpg
2026-02-17 20:35:43 [main] INFO  storage.Chunker - Splitting file: C:\Users\ognje\Desktop\slika.jpg
2026-02-17 20:35:43 [main] INFO  storage.Chunker - File split succesfully.
2026-02-17 20:35:43 [main] INFO  storage.ChunkStorage - Storing chunk: 4031b2c74ec301bc82c9ae0f9bae6292743dc343cf6693134b80cc4eba884f0e
2026-02-17 20:35:43 [main] INFO  storage.ChunkStorage - Chunk stored successfully at: C:\Users\ognje\Documents\Programiranje\Projekti\Distributed File Storage System\dfss\storage\chunks\4031b2c74ec301bc82c9ae0f9bae6292743dc343cf6693134b80cc4eba884f0e
2026-02-17 20:35:43 [main] INFO  storage.ChunkStorage - Storing chunk: c0a16b73fc4fecd8fd20fb7ce4935a32c93007fe3c5aa9b300e7df06e4ccacaa
2026-02-17 20:35:43 [main] INFO  storage.ChunkStorage - Chunk stored successfully at: C:\Users\ognje\Documents\Programiranje\Projekti\Distributed File Storage System\dfss\storage\chunks\c0a16b73fc4fecd8fd20fb7ce4935a32c93007fe3c5aa9b300e7df06e4ccacaa
2026-02-17 20:35:43 [main] INFO  storage.ChunkStorage - Storing chunk: c3ac04f94070d345ba3eba48f33d0f5ec16d6cf2b40d38fe8dbb26881f3bdf6e
2026-02-17 20:35:43 [main] INFO  storage.ChunkStorage - Chunk stored successfully at: C:\Users\ognje\Documents\Programiranje\Projekti\Distributed File Storage System\dfss\storage\chunks\c3ac04f94070d345ba3eba48f33d0f5ec16d6cf2b40d38fe8dbb26881f3bdf6e
2026-02-17 20:35:43 [main] INFO  storage.ChunkStorage - Storing chunk: 287bbe86e9f2f2289b2da6846ef2a243345d8062cae381742bb1bd5d8d7da33a
2026-02-17 20:35:43 [main] INFO  storage.ChunkStorage - Chunk stored successfully at: C:\Users\ognje\Documents\Programiranje\Projekti\Distributed File Storage System\dfss\storage\chunks\287bbe86e9f2f2289b2da6846ef2a243345d8062cae381742bb1bd5d8d7da33a
2026-02-17 20:35:43 [main] INFO  storage.ChunkStorage - Storing chunk: 4fb56a92b483278b5d6407300bfdc58cd6cb8dd1091e0797143b9e9467bc9a8a
2026-02-17 20:35:43 [main] INFO  storage.ChunkStorage - Chunk stored successfully at: C:\Users\ognje\Documents\Programiranje\Projekti\Distributed File Storage System\dfss\storage\chunks\4fb56a92b483278b5d6407300bfdc58cd6cb8dd1091e0797143b9e9467bc9a8a
2026-02-17 20:35:43 [main] INFO  storage.ChunkStorage - Storing chunk: 0e10f4a0001102981b02316b17fc27c8357202c98c31a3830e83e7cfe8059775
2026-02-17 20:35:43 [main] INFO  storage.ChunkStorage - Chunk stored successfully at: C:\Users\ognje\Documents\Programiranje\Projekti\Distributed File Storage System\dfss\storage\chunks\0e10f4a0001102981b02316b17fc27c8357202c98c31a3830e83e7cfe8059775
2026-02-17 20:35:43 [main] INFO  storage.ChunkStorage - Storing chunk: da342b4b45f85858d30b1314dd1eead79d043acd11853027d2036c4e2fe10f44
2026-02-17 20:35:43 [main] INFO  storage.ChunkStorage - Chunk stored successfully at: C:\Users\ognje\Documents\Programiranje\Projekti\Distributed File Storage System\dfss\storage\chunks\da342b4b45f85858d30b1314dd1eead79d043acd11853027d2036c4e2fe10f44
2026-02-17 20:35:43 [main] INFO  storage.ChunkStorage - Storing chunk: 12b0156ddc6eb1291b185829772ba85f06e6f4a89b1a1dbe00cb3837f79969ba
2026-02-17 20:35:43 [main] INFO  storage.ChunkStorage - Chunk stored successfully at: C:\Users\ognje\Documents\Programiranje\Projekti\Distributed File Storage System\dfss\storage\chunks\12b0156ddc6eb1291b185829772ba85f06e6f4a89b1a1dbe00cb3837f79969ba
2026-02-17 20:35:43 [main] INFO  storage.ChunkStorage - Storing chunk: ab13770576f7f0349dec94d60540f748165731045e1d82949e42ad3caea883c4
2026-02-17 20:35:43 [main] INFO  storage.ChunkStorage - Chunk stored successfully at: C:\Users\ognje\Documents\Programiranje\Projekti\Distributed File Storage System\dfss\storage\chunks\ab13770576f7f0349dec94d60540f748165731045e1d82949e42ad3caea883c4
2026-02-17 20:35:43 [main] INFO  storage.StorageService - File stored successfully, fileID: dedd96b25e36b15c0b046bdb7dcd4b7a6057c6e2b0e32ab4ef92979ad4433253
2026-02-17 21:18:35 [main] INFO  storage.StorageService - Gettting file: dedd96b25e36b15c0b046bdb7dcd4b7a6057c6e2b0e32ab4ef92979ad4433253
2026-02-17 21:18:35 [main] INFO  storage.StorageService - File ID found
2026-02-17 21:18:35 [main] INFO  storage.StorageService - File manifest loaded
2026-02-17 21:18:35 [main] INFO  storage.StorageService - Loading chunks...
2026-02-17 21:18:35 [main] INFO  storage.StorageService - Chunks loaded successfully
2026-02-17 21:18:35 [main] INFO  storage.StorageService - Reconstructing file...
2026-02-17 21:18:35 [main] INFO  storage.StorageService - File reconstructed: slika.jpg
